This file contains any messages produced by compilers while
running configure, to aid debugging if configure makes a mistake.

It was created by esesc configure 2, which was
generated by GNU Autoconf 2.59.  Invocation command line was

  $ ../sesc/configure --enable-smp --enable-inorder --enable-power

## --------- ##
## Platform. ##
## --------- ##

hostname = hana
uname -m = i686
uname -r = 2.6.28-11-generic
uname -s = Linux
uname -v = #42-Ubuntu SMP Fri Apr 17 01:57:59 UTC 2009

/usr/bin/uname -p = unknown
/bin/uname -X     = unknown

/bin/arch              = unknown
/usr/bin/arch -k       = unknown
/usr/convex/getsysinfo = unknown
hostinfo               = unknown
/bin/machine           = unknown
/usr/bin/oslevel       = unknown
/bin/universe          = unknown

PATH: /usr/local/sbin
PATH: /usr/local/bin
PATH: /usr/sbin
PATH: /usr/bin
PATH: /sbin
PATH: /bin
PATH: /usr/games
PATH: /usr/local/omnetpp/bin


## ----------- ##
## Core tests. ##
## ----------- ##

configure:1735: creating ./config.status

## ---------------------- ##
## Running config.status. ##
## ---------------------- ##

This file was extended by esesc config.status 2, which was
generated by GNU Autoconf 2.59.  Invocation command line was

  CONFIG_FILES    = 
  CONFIG_HEADERS  = 
  CONFIG_LINKS    = 
  CONFIG_COMMANDS = 
  $ ./config.status 

on hana

config.status:655: creating Makefile
config.status:655: creating Make.defs

## ---------------- ##
## Cache variables. ##
## ---------------- ##

ac_cv_env_build_alias_set=
ac_cv_env_build_alias_value=
ac_cv_env_host_alias_set=
ac_cv_env_host_alias_value=
ac_cv_env_target_alias_set=
ac_cv_env_target_alias_value=

## ----------------- ##
## Output variables. ##
## ----------------- ##

$1_OPT='128641_OPT'
BUILD_DIR='/home/yoon333/project_sesc/workspace'
CONDOR_LINK_OPT='#CONDOR_LINK=1'
DEBUG_OPT='#DEBUG=1'
DEBUG_SILENT_OPT='#DEBUG_SILENT=1'
DEFCONF='smp.conf'
DEFEXEC='sesc.smp'
DEFS='-DPACKAGE_NAME=\"esesc\" -DPACKAGE_TARNAME=\"esesc\" -DPACKAGE_VERSION=\"2\" -DPACKAGE_STRING=\"esesc\ 2\" -DPACKAGE_BUGREPORT=\"renau@soe.ucsc.edu\ luisceze@cs.uiuc.edu\" '
DIRECTORY_OPT='#DIRECTORY=1'
ECHO_C=''
ECHO_N='-n'
ECHO_T=''
LIBOBJS=''
LIBS=''
LTLIBOBJS=''
MIPS_EMUL_OPT='#MIPS_EMUL=1'
NO_MERGELAST_OPT='#NO_MERGELAST=1'
NO_MERGENEXT_OPT='#NO_MERGENEXT=1'
PACKAGE_BUGREPORT='renau@soe.ucsc.edu luisceze@cs.uiuc.edu'
PACKAGE_NAME='esesc'
PACKAGE_STRING='esesc 2'
PACKAGE_TARNAME='esesc'
PACKAGE_VERSION='2'
PATH_SEPARATOR=':'
QEMU_DRIVEN_OPT='#QEMU_DRIVEN=1'
SESC_32BIT_OPT='#SESC_32BIT=1'
SESC_BAAD_OPT='#SESC_BAAD=1'
SESC_ENERGY_OPT='SESC_ENERGY=1'
SESC_GATHERM_OPT=''
SESC_MISPATH_OPT='#SESC_MISPATH=1'
SESC_RSTTRACE_OPT='#SESC_RSTTRACE=1'
SESC_SESCTHERM_OPT='#SESC_SESCTHERM=1'
SESC_SMP_DEBUG_OPT='#SESC_SMP_DEBUG=1'
SESC_SMP_OPT='SESC_SMP=1'
SESC_THERM_OPT='#SESC_THERM=1'
SHELL='/bin/sh'
SRC_DIR='../sesc/src'
TASKSCALAR_OPT='#TASKSCALAR=1'
TOPSRC_DIR='../sesc'
TRACE_DRIVEN_OPT='#TRACE_DRIVEN=1'
TS_PROFILING_OPT='#TS_PROFILING=1'
TS_RISKLOADPROF_OPT='#TS_RISKLOADPROF=1'
TS_VMEM_OPT='#TS_VMEM=1'
VALUEPRED_OPT='#VALUEPRED=1'
bindir='${exec_prefix}/bin'
build_alias=''
datadir='${prefix}/share'
exec_prefix='${prefix}'
host_alias=''
includedir='${prefix}/include'
infodir='${prefix}/info'
libdir='${exec_prefix}/lib'
libexecdir='${exec_prefix}/libexec'
localstatedir='${prefix}/var'
mandir='${prefix}/man'
oldincludedir='/usr/include'
prefix='/usr/local'
program_transform_name='s,x,x,'
sbindir='${exec_prefix}/sbin'
sharedstatedir='${prefix}/com'
sysconfdir='${prefix}/etc'
target_alias=''

## ----------- ##
## confdefs.h. ##
## ----------- ##

#define PACKAGE_BUGREPORT "renau@soe.ucsc.edu luisceze@cs.uiuc.edu"
#define PACKAGE_NAME "esesc"
#define PACKAGE_STRING "esesc 2"
#define PACKAGE_TARNAME "esesc"
#define PACKAGE_VERSION "2"

configure: exit 0
